<?xml version="1.0" encoding="UTF-8"?>
<assembly xmlns="http://maven.apache.org/plugins/maven-assembly-plugin/assembly/1.1.0"
  xmlns:xsi="http://www.w3.org/2001/XMLSchema-instance"
  xsi:schemaLocation="http://maven.apache.org/plugins/maven-assembly-plugin/assembly/1.1.0 http://maven.apache.org/xsd/assembly-1.1.0.xsd">

  <id>test-sources</id>

  <formats>
    <format>jar</format>
  </formats>

  <includeBaseDirectory>false</includeBaseDirectory>

  <fileSets>
    <fileSet>
      <directory>${project.build.testSourceDirectory}</directory>
      <outputDirectory>/</outputDirectory>
      <useDefaultExcludes>true</useDefaultExcludes>
    </fileSet>

    <fileSet>
      <directory>${project.basedir}</directory>
      <outputDirectory>META-INF</outputDirectory>
      <includes>
        <include>LICENSE.txt</include>
      </includes>
    </fileSet>

    <fileSet>
      <directory>${project.build.directory}/generated-sources/license</directory>
      <outputDirectory>META-INF</outputDirectory>
      <includes>
        <include>*.txt</include>
      </includes>
    </fileSet>
  </fileSets>
</assembly>
